<?xml version="1.0" encoding="UTF-8"?>
<coverage generated="1537811475">
  <project timestamp="1537811475">
    <package name="Dojo">
      <file name="/home/rtakauti/GitHub/phpUnitDojo/src/Atm.php">
        <class name="Atm" namespace="Dojo">
          <metrics complexity="4" methods="2" coveredmethods="2" conditionals="0" coveredconditionals="0" statements="10" coveredstatements="10" elements="12" coveredelements="12"/>
        </class>
        <line num="10" type="method" name="withdraw" visibility="public" complexity="3" crap="3" count="5"/>
        <line num="12" type="stmt" count="5"/>
        <line num="13" type="stmt" count="5"/>
        <line num="19" type="stmt" count="5"/>
        <line num="20" type="stmt" count="5"/>
        <line num="21" type="stmt" count="5"/>
        <line num="22" type="stmt" count="5"/>
        <line num="23" type="stmt" count="5"/>
        <line num="25" type="stmt" count="4"/>
        <line num="29" type="stmt" count="5"/>
        <line num="32" type="method" name="sum" visibility="public" complexity="1" crap="1" count="3"/>
        <line num="34" type="stmt" count="3"/>
        <metrics loc="38" ncloc="38" classes="1" methods="2" coveredmethods="2" conditionals="0" coveredconditionals="0" statements="10" coveredstatements="10" elements="12" coveredelements="12"/>
      </file>
      <file name="/home/rtakauti/GitHub/phpUnitDojo/src/Dojo.php">
        <class name="Dojo" namespace="Dojo">
          <metrics complexity="1" methods="1" coveredmethods="1" conditionals="0" coveredconditionals="0" statements="1" coveredstatements="1" elements="2" coveredelements="2"/>
        </class>
        <line num="6" type="method" name="helloWorld" visibility="public" complexity="1" crap="1" count="2"/>
        <line num="7" type="stmt" count="2"/>
        <metrics loc="8" ncloc="8" classes="1" methods="1" coveredmethods="1" conditionals="0" coveredconditionals="0" statements="1" coveredstatements="1" elements="2" coveredelements="2"/>
      </file>
    </package>
    <metrics files="2" loc="46" ncloc="46" classes="2" methods="3" coveredmethods="3" conditionals="0" coveredconditionals="0" statements="11" coveredstatements="11" elements="14" coveredelements="14"/>
  </project>
</coverage>
